[03-30-2012 04:19] INFO > GenBank.pm:319 - Created organism Polysphondylium pallidum CK8 pallidum in database
[03-30-2012 04:19] INFO > GenBank.pm:596 - loaded gene PPA_G2095962 PopaoMr01
[03-30-2012 04:19] INFO > GenBank.pm:662 - loaded transcript PopaoMr01.t00
[03-30-2012 04:19] INFO > GenBank.pm:716 - loaded exon auto2095966
[03-30-2012 04:19] INFO > GenBank.pm:716 - loaded exon auto2095968
[03-30-2012 04:19] INFO > GenBank.pm:716 - loaded exon auto2095970
[03-30-2012 04:19] INFO > GenBank.pm:596 - loaded gene PPA_G2095972 PopaoMt01
[03-30-2012 04:19] INFO > GenBank.pm:662 - loaded transcript PopaoMt01.t00
[03-30-2012 04:19] INFO > GenBank.pm:716 - loaded exon auto2095976
[03-30-2012 04:19] INFO > GenBank.pm:596 - loaded gene PPA_G2095978 PopaoMp01
[03-30-2012 04:19] INFO > GenBank.pm:662 - loaded transcript PopaoMp01.t00
[03-30-2012 04:19] INFO > GenBank.pm:716 - loaded exon auto2095982
[03-30-2012 04:19] INFO > GenBank.pm:777 - loaded polypeptide PopaoMp01.p00
[03-30-2012 04:19] INFO > GenBank.pm:596 - loaded gene PPA_G2095986 PopaoMp02
[03-30-2012 04:19] INFO > GenBank.pm:662 - loaded transcript PopaoMp02.t00
[03-30-2012 04:19] INFO > GenBank.pm:716 - loaded exon auto2095990
[03-30-2012 04:19] INFO > GenBank.pm:777 - loaded polypeptide PopaoMp02.p00
[03-30-2012 04:19] INFO > GenBank.pm:596 - loaded gene PPA_G2095994 PopaoMp03
[03-30-2012 04:19] INFO > GenBank.pm:662 - loaded transcript PopaoMp03.t00
[03-30-2012 04:19] INFO > GenBank.pm:716 - loaded exon auto2095998
[03-30-2012 04:19] INFO > GenBank.pm:777 - loaded polypeptide PopaoMp03.p00
[03-30-2012 04:19] INFO > GenBank.pm:596 - loaded gene PPA_G2096002 PopaoMp04
[03-30-2012 04:19] INFO > GenBank.pm:662 - loaded transcript PopaoMp04.t00
[03-30-2012 04:19] INFO > GenBank.pm:716 - loaded exon auto2096006
[03-30-2012 04:19] INFO > GenBank.pm:777 - loaded polypeptide PopaoMp04.p00
[03-30-2012 04:19] INFO > GenBank.pm:596 - loaded gene PPA_G2096010 PopaoMp05
[03-30-2012 04:19] INFO > GenBank.pm:662 - loaded transcript PopaoMp05.t00
[03-30-2012 04:19] INFO > GenBank.pm:716 - loaded exon auto2096014
[03-30-2012 04:19] INFO > GenBank.pm:777 - loaded polypeptide PopaoMp05.p00
[03-30-2012 04:19] INFO > GenBank.pm:596 - loaded gene PPA_G2096018 PopaoMp06
[03-30-2012 04:19] INFO > GenBank.pm:662 - loaded transcript PopaoMp06.t00
[03-30-2012 04:19] INFO > GenBank.pm:716 - loaded exon auto2096022
[03-30-2012 04:19] INFO > GenBank.pm:777 - loaded polypeptide PopaoMp06.p00
[03-30-2012 04:19] INFO > GenBank.pm:596 - loaded gene PPA_G2096026 PopaoMp07
[03-30-2012 04:19] INFO > GenBank.pm:662 - loaded transcript PopaoMp07.t00
[03-30-2012 04:19] INFO > GenBank.pm:716 - loaded exon auto2096030
[03-30-2012 04:19] INFO > GenBank.pm:777 - loaded polypeptide PopaoMp07.p00
[03-30-2012 04:19] INFO > GenBank.pm:596 - loaded gene PPA_G2096034 PopaoMt02
[03-30-2012 04:19] INFO > GenBank.pm:662 - loaded transcript PopaoMt02.t00
[03-30-2012 04:19] INFO > GenBank.pm:716 - loaded exon auto2096038
[03-30-2012 04:19] INFO > GenBank.pm:596 - loaded gene PPA_G2096040 PopaoMp08
[03-30-2012 04:19] INFO > GenBank.pm:662 - loaded transcript PopaoMp08.t00
[03-30-2012 04:19] INFO > GenBank.pm:716 - loaded exon auto2096044
[03-30-2012 04:19] INFO > GenBank.pm:777 - loaded polypeptide PopaoMp08.p00
[03-30-2012 04:19] INFO > GenBank.pm:596 - loaded gene PPA_G2096048 PopaoMp09
[03-30-2012 04:19] INFO > GenBank.pm:662 - loaded transcript PopaoMp09.t00
[03-30-2012 04:19] INFO > GenBank.pm:716 - loaded exon auto2096052
[03-30-2012 04:19] INFO > GenBank.pm:777 - loaded polypeptide PopaoMp09.p00
[03-30-2012 04:19] INFO > GenBank.pm:596 - loaded gene PPA_G2096056 PopaoMp10
[03-30-2012 04:19] INFO > GenBank.pm:662 - loaded transcript PopaoMp10.t00
[03-30-2012 04:19] INFO > GenBank.pm:716 - loaded exon auto2096060
[03-30-2012 04:19] INFO > GenBank.pm:777 - loaded polypeptide PopaoMp10.p00
[03-30-2012 04:19] INFO > GenBank.pm:596 - loaded gene PPA_G2096064 PopaoMp11
[03-30-2012 04:19] INFO > GenBank.pm:662 - loaded transcript PopaoMp11.t00
[03-30-2012 04:19] INFO > GenBank.pm:716 - loaded exon auto2096068
[03-30-2012 04:19] INFO > GenBank.pm:777 - loaded polypeptide PopaoMp11.p00
[03-30-2012 04:19] INFO > GenBank.pm:596 - loaded gene PPA_G2096072 PopaoMp12
[03-30-2012 04:19] INFO > GenBank.pm:662 - loaded transcript PopaoMp12.t00
[03-30-2012 04:19] INFO > GenBank.pm:716 - loaded exon auto2096076
[03-30-2012 04:19] INFO > GenBank.pm:777 - loaded polypeptide PopaoMp12.p00
[03-30-2012 04:19] INFO > GenBank.pm:596 - loaded gene PPA_G2096080 PopaoMp13
[03-30-2012 04:19] INFO > GenBank.pm:662 - loaded transcript PopaoMp13.t00
[03-30-2012 04:19] INFO > GenBank.pm:716 - loaded exon auto2096084
[03-30-2012 04:19] INFO > GenBank.pm:777 - loaded polypeptide PopaoMp13.p00
[03-30-2012 04:19] INFO > GenBank.pm:596 - loaded gene PPA_G2096088 PopaoMp14
[03-30-2012 04:19] INFO > GenBank.pm:662 - loaded transcript PopaoMp14.t00
[03-30-2012 04:19] INFO > GenBank.pm:716 - loaded exon auto2096092
[03-30-2012 04:19] INFO > GenBank.pm:777 - loaded polypeptide PopaoMp14.p00
[03-30-2012 04:19] INFO > GenBank.pm:596 - loaded gene PPA_G2096096 PopaoMp15
[03-30-2012 04:19] INFO > GenBank.pm:662 - loaded transcript PopaoMp15.t00
[03-30-2012 04:19] INFO > GenBank.pm:716 - loaded exon auto2096100
[03-30-2012 04:19] INFO > GenBank.pm:777 - loaded polypeptide PopaoMp15.p00
[03-30-2012 04:19] INFO > GenBank.pm:596 - loaded gene PPA_G2096104 PopaoMp16
[03-30-2012 04:19] INFO > GenBank.pm:662 - loaded transcript PopaoMp16.t00
[03-30-2012 04:19] INFO > GenBank.pm:716 - loaded exon auto2096108
[03-30-2012 04:19] INFO > GenBank.pm:777 - loaded polypeptide PopaoMp16.p00
[03-30-2012 04:19] INFO > GenBank.pm:596 - loaded gene PPA_G2096112 PopaoMp17
[03-30-2012 04:19] INFO > GenBank.pm:662 - loaded transcript PopaoMp17.t00
[03-30-2012 04:19] INFO > GenBank.pm:716 - loaded exon auto2096116
[03-30-2012 04:19] INFO > GenBank.pm:777 - loaded polypeptide PopaoMp17.p00
[03-30-2012 04:19] INFO > GenBank.pm:596 - loaded gene PPA_G2096120 PopaoMp18
[03-30-2012 04:19] INFO > GenBank.pm:662 - loaded transcript PopaoMp18.t00
[03-30-2012 04:19] INFO > GenBank.pm:716 - loaded exon auto2096124
[03-30-2012 04:19] INFO > GenBank.pm:777 - loaded polypeptide PopaoMp18.p00
[03-30-2012 04:19] INFO > GenBank.pm:596 - loaded gene PPA_G2096128 PopaoMp19
[03-30-2012 04:19] INFO > GenBank.pm:662 - loaded transcript PopaoMp19.t00
[03-30-2012 04:19] INFO > GenBank.pm:716 - loaded exon auto2096132
[03-30-2012 04:19] INFO > GenBank.pm:777 - loaded polypeptide PopaoMp19.p00
[03-30-2012 04:19] INFO > GenBank.pm:596 - loaded gene PPA_G2096136 PopaoMp20
[03-30-2012 04:19] INFO > GenBank.pm:662 - loaded transcript PopaoMp20.t00
[03-30-2012 04:19] INFO > GenBank.pm:716 - loaded exon auto2096140
[03-30-2012 04:19] INFO > GenBank.pm:777 - loaded polypeptide PopaoMp20.p00
[03-30-2012 04:19] INFO > GenBank.pm:596 - loaded gene PPA_G2096144 PopaoMp21
[03-30-2012 04:19] INFO > GenBank.pm:662 - loaded transcript PopaoMp21.t00
[03-30-2012 04:19] INFO > GenBank.pm:716 - loaded exon auto2096148
[03-30-2012 04:19] INFO > GenBank.pm:777 - loaded polypeptide PopaoMp21.p00
[03-30-2012 04:19] INFO > GenBank.pm:596 - loaded gene PPA_G2096152 PopaoMp22
[03-30-2012 04:19] INFO > GenBank.pm:662 - loaded transcript PopaoMp22.t00
[03-30-2012 04:19] INFO > GenBank.pm:716 - loaded exon auto2096156
[03-30-2012 04:19] INFO > GenBank.pm:777 - loaded polypeptide PopaoMp22.p00
[03-30-2012 04:19] INFO > GenBank.pm:596 - loaded gene PPA_G2096160 PopaoMp23
[03-30-2012 04:19] INFO > GenBank.pm:662 - loaded transcript PopaoMp23.t00
[03-30-2012 04:19] INFO > GenBank.pm:716 - loaded exon auto2096164
[03-30-2012 04:19] INFO > GenBank.pm:777 - loaded polypeptide PopaoMp23.p00
[03-30-2012 04:19] INFO > GenBank.pm:596 - loaded gene PPA_G2096168 PopaoMp24
[03-30-2012 04:19] INFO > GenBank.pm:662 - loaded transcript PopaoMp24.t00
[03-30-2012 04:19] INFO > GenBank.pm:716 - loaded exon auto2096172
[03-30-2012 04:19] INFO > GenBank.pm:777 - loaded polypeptide PopaoMp24.p00
[03-30-2012 04:19] INFO > GenBank.pm:596 - loaded gene PPA_G2096176 PopaoMt03
[03-30-2012 04:19] INFO > GenBank.pm:662 - loaded transcript PopaoMt03.t00
[03-30-2012 04:19] INFO > GenBank.pm:716 - loaded exon auto2096180
[03-30-2012 04:19] INFO > GenBank.pm:596 - loaded gene PPA_G2096182 PopaoMt04
[03-30-2012 04:19] INFO > GenBank.pm:662 - loaded transcript PopaoMt04.t00
[03-30-2012 04:19] INFO > GenBank.pm:716 - loaded exon auto2096186
[03-30-2012 04:19] INFO > GenBank.pm:596 - loaded gene PPA_G2096188 PopaoMp25
[03-30-2012 04:19] INFO > GenBank.pm:662 - loaded transcript PopaoMp25.t00
[03-30-2012 04:19] INFO > GenBank.pm:716 - loaded exon auto2096192
[03-30-2012 04:19] INFO > GenBank.pm:777 - loaded polypeptide PopaoMp25.p00
[03-30-2012 04:19] INFO > GenBank.pm:596 - loaded gene PPA_G2096196 PopaoMp26
[03-30-2012 04:19] INFO > GenBank.pm:662 - loaded transcript PopaoMp26.t00
[03-30-2012 04:19] INFO > GenBank.pm:716 - loaded exon auto2096200
[03-30-2012 04:19] INFO > GenBank.pm:777 - loaded polypeptide PopaoMp26.p00
[03-30-2012 04:19] INFO > GenBank.pm:596 - loaded gene PPA_G2096204 PopaoMt05
[03-30-2012 04:19] INFO > GenBank.pm:662 - loaded transcript PopaoMt05.t00
[03-30-2012 04:19] INFO > GenBank.pm:716 - loaded exon auto2096208
[03-30-2012 04:19] INFO > GenBank.pm:596 - loaded gene PPA_G2096210 PopaoMp27
[03-30-2012 04:19] INFO > GenBank.pm:662 - loaded transcript PopaoMp27.t00
[03-30-2012 04:19] INFO > GenBank.pm:716 - loaded exon auto2096214
[03-30-2012 04:19] INFO > GenBank.pm:777 - loaded polypeptide PopaoMp27.p00
[03-30-2012 04:19] INFO > GenBank.pm:596 - loaded gene PPA_G2096218 PopaoMt06
[03-30-2012 04:19] INFO > GenBank.pm:662 - loaded transcript PopaoMt06.t00
[03-30-2012 04:19] INFO > GenBank.pm:716 - loaded exon auto2096222
[03-30-2012 04:19] INFO > GenBank.pm:596 - loaded gene PPA_G2096224 PopaoMp28
[03-30-2012 04:19] INFO > GenBank.pm:662 - loaded transcript PopaoMp28.t00
[03-30-2012 04:19] INFO > GenBank.pm:716 - loaded exon auto2096228
[03-30-2012 04:19] INFO > GenBank.pm:777 - loaded polypeptide PopaoMp28.p00
[03-30-2012 04:19] INFO > GenBank.pm:596 - loaded gene PPA_G2096232 PopaoMp29
[03-30-2012 04:19] INFO > GenBank.pm:662 - loaded transcript PopaoMp29.t00
[03-30-2012 04:19] INFO > GenBank.pm:716 - loaded exon auto2096236
[03-30-2012 04:19] INFO > GenBank.pm:777 - loaded polypeptide PopaoMp29.p00
[03-30-2012 04:19] INFO > GenBank.pm:596 - loaded gene PPA_G2096240 PopaoMt07
[03-30-2012 04:19] INFO > GenBank.pm:662 - loaded transcript PopaoMt07.t00
[03-30-2012 04:19] INFO > GenBank.pm:716 - loaded exon auto2096244
[03-30-2012 04:19] INFO > GenBank.pm:596 - loaded gene PPA_G2096246 PopaoMt08
[03-30-2012 04:19] INFO > GenBank.pm:662 - loaded transcript PopaoMt08.t00
[03-30-2012 04:19] INFO > GenBank.pm:716 - loaded exon auto2096250
[03-30-2012 04:19] INFO > GenBank.pm:596 - loaded gene PPA_G2096252 PopaoMt09
[03-30-2012 04:19] INFO > GenBank.pm:662 - loaded transcript PopaoMt09.t00
[03-30-2012 04:19] INFO > GenBank.pm:716 - loaded exon auto2096256
[03-30-2012 04:19] INFO > GenBank.pm:596 - loaded gene PPA_G2096258 PopaoMp30
[03-30-2012 04:19] INFO > GenBank.pm:662 - loaded transcript PopaoMp30.t00
[03-30-2012 04:19] INFO > GenBank.pm:716 - loaded exon auto2096262
[03-30-2012 04:19] INFO > GenBank.pm:777 - loaded polypeptide PopaoMp30.p00
[03-30-2012 04:19] INFO > GenBank.pm:596 - loaded gene PPA_G2096266 PopaoMt10
[03-30-2012 04:19] INFO > GenBank.pm:662 - loaded transcript PopaoMt10.t00
[03-30-2012 04:19] INFO > GenBank.pm:716 - loaded exon auto2096270
[03-30-2012 04:19] INFO > GenBank.pm:596 - loaded gene PPA_G2096272 PopaoMp31
[03-30-2012 04:19] INFO > GenBank.pm:662 - loaded transcript PopaoMp31.t00
[03-30-2012 04:19] INFO > GenBank.pm:716 - loaded exon auto2096276
[03-30-2012 04:19] INFO > GenBank.pm:777 - loaded polypeptide PopaoMp31.p00
[03-30-2012 04:19] INFO > GenBank.pm:596 - loaded gene PPA_G2096280 PopaoMp32
[03-30-2012 04:19] INFO > GenBank.pm:662 - loaded transcript PopaoMp32.t00
[03-30-2012 04:19] INFO > GenBank.pm:716 - loaded exon auto2096284
[03-30-2012 04:19] INFO > GenBank.pm:777 - loaded polypeptide PopaoMp32.p00
[03-30-2012 04:19] INFO > GenBank.pm:596 - loaded gene PPA_G2096288 PopaoMp33
[03-30-2012 04:19] INFO > GenBank.pm:662 - loaded transcript PopaoMp33.t00
[03-30-2012 04:19] INFO > GenBank.pm:716 - loaded exon auto2096292
[03-30-2012 04:19] INFO > GenBank.pm:777 - loaded polypeptide PopaoMp33.p00
[03-30-2012 04:19] INFO > GenBank.pm:596 - loaded gene PPA_G2096296 PopaoMp34
[03-30-2012 04:19] INFO > GenBank.pm:662 - loaded transcript PopaoMp34.t00
[03-30-2012 04:19] INFO > GenBank.pm:716 - loaded exon auto2096300
[03-30-2012 04:19] INFO > GenBank.pm:777 - loaded polypeptide PopaoMp34.p00
[03-30-2012 04:19] INFO > GenBank.pm:596 - loaded gene PPA_G2096304 PopaoMp35
[03-30-2012 04:19] INFO > GenBank.pm:662 - loaded transcript PopaoMp35.t00
[03-30-2012 04:19] INFO > GenBank.pm:716 - loaded exon auto2096308
[03-30-2012 04:19] INFO > GenBank.pm:716 - loaded exon auto2096310
[03-30-2012 04:19] INFO > GenBank.pm:777 - loaded polypeptide PopaoMp35.p00
[03-30-2012 04:19] INFO > GenBank.pm:596 - loaded gene PPA_G2096314 PopaoMp36
[03-30-2012 04:19] INFO > GenBank.pm:596 - loaded gene PPA_G2096316 PopaoMp37
[03-30-2012 04:19] INFO > GenBank.pm:596 - loaded gene PPA_G2096318 PopaoMp38
[03-30-2012 04:19] INFO > GenBank.pm:662 - loaded transcript PopaoMp38.t00
[03-30-2012 04:19] INFO > GenBank.pm:716 - loaded exon auto2096322
[03-30-2012 04:19] INFO > GenBank.pm:777 - loaded polypeptide PopaoMp38.p00
[03-30-2012 04:19] INFO > GenBank.pm:596 - loaded gene PPA_G2096326 PopaoMp39
[03-30-2012 04:19] INFO > GenBank.pm:662 - loaded transcript PopaoMp39.t00
[03-30-2012 04:19] INFO > GenBank.pm:716 - loaded exon auto2096330
[03-30-2012 04:19] INFO > GenBank.pm:777 - loaded polypeptide PopaoMp39.p00
[03-30-2012 04:19] INFO > GenBank.pm:596 - loaded gene PPA_G2096334 PopaoMt11
[03-30-2012 04:19] INFO > GenBank.pm:662 - loaded transcript PopaoMt11.t00
[03-30-2012 04:19] INFO > GenBank.pm:716 - loaded exon auto2096338
[03-30-2012 04:19] INFO > GenBank.pm:596 - loaded gene PPA_G2096340 PopaoMt12
[03-30-2012 04:19] INFO > GenBank.pm:662 - loaded transcript PopaoMt12.t00
[03-30-2012 04:19] INFO > GenBank.pm:716 - loaded exon auto2096344
[03-30-2012 04:19] INFO > GenBank.pm:596 - loaded gene PPA_G2096346 PopaoMr02
[03-30-2012 04:19] INFO > GenBank.pm:662 - loaded transcript PopaoMr02.t00
[03-30-2012 04:19] INFO > GenBank.pm:716 - loaded exon auto2096350
[03-30-2012 04:19] INFO > GenBank.pm:596 - loaded gene PPA_G2096352 PopaoMt13
[03-30-2012 04:19] INFO > GenBank.pm:662 - loaded transcript PopaoMt13.t00
[03-30-2012 04:19] INFO > GenBank.pm:716 - loaded exon auto2096356
[03-30-2012 04:19] INFO > GenBank.pm:596 - loaded gene PPA_G2096358 PopaoMt14
[03-30-2012 04:19] INFO > GenBank.pm:662 - loaded transcript PopaoMt14.t00
[03-30-2012 04:19] INFO > GenBank.pm:716 - loaded exon auto2096362
[03-30-2012 04:19] INFO > GenBank.pm:596 - loaded gene PPA_G2096364 PopaoMt15
[03-30-2012 04:19] INFO > GenBank.pm:662 - loaded transcript PopaoMt15.t00
[03-30-2012 04:19] INFO > GenBank.pm:716 - loaded exon auto2096368
[03-30-2012 04:19] INFO > GenBank.pm:596 - loaded gene PPA_G2096370 PopaoMt16
[03-30-2012 04:19] INFO > GenBank.pm:662 - loaded transcript PopaoMt16.t00
[03-30-2012 04:19] INFO > GenBank.pm:716 - loaded exon auto2096374
[03-30-2012 04:19] INFO > GenBank.pm:596 - loaded gene PPA_G2096376 PopaoMt17
[03-30-2012 04:19] INFO > GenBank.pm:662 - loaded transcript PopaoMt17.t00
[03-30-2012 04:19] INFO > GenBank.pm:716 - loaded exon auto2096380
[03-30-2012 04:19] INFO > GenBank.pm:596 - loaded gene PPA_G2096382 PopaoMp40
[03-30-2012 04:19] INFO > GenBank.pm:662 - loaded transcript PopaoMp40.t00
[03-30-2012 04:19] INFO > GenBank.pm:716 - loaded exon auto2096386
[03-30-2012 04:19] INFO > GenBank.pm:777 - loaded polypeptide PopaoMp40.p00
[03-30-2012 04:19] INFO > GenBank.pm:596 - loaded gene PPA_G2096390 PopaoMp41
[03-30-2012 04:19] INFO > GenBank.pm:662 - loaded transcript PopaoMp41.t00
[03-30-2012 04:19] INFO > GenBank.pm:716 - loaded exon auto2096394
[03-30-2012 04:19] INFO > GenBank.pm:777 - loaded polypeptide PopaoMp41.p00
[03-30-2012 04:19] INFO > GenBank.pm:596 - loaded gene PPA_G2096398 PopaoMp42
[03-30-2012 04:19] INFO > GenBank.pm:662 - loaded transcript PopaoMp42.t00
[03-30-2012 04:19] INFO > GenBank.pm:716 - loaded exon auto2096402
[03-30-2012 04:19] INFO > GenBank.pm:777 - loaded polypeptide PopaoMp42.p00
[03-30-2012 04:19] INFO > GenBank.pm:596 - loaded gene PPA_G2096406 PopaoMp43
[03-30-2012 04:19] INFO > GenBank.pm:662 - loaded transcript PopaoMp43.t00
[03-30-2012 04:19] INFO > GenBank.pm:716 - loaded exon auto2096410
[03-30-2012 04:19] INFO > GenBank.pm:716 - loaded exon auto2096412
[03-30-2012 04:19] INFO > GenBank.pm:777 - loaded polypeptide PopaoMp43.p00
[03-30-2012 04:19] INFO > GenBank.pm:596 - loaded gene PPA_G2096416 PopaoMp44
[03-30-2012 04:19] INFO > GenBank.pm:662 - loaded transcript PopaoMp44.t00
[03-30-2012 04:19] INFO > GenBank.pm:716 - loaded exon auto2096420
[03-30-2012 04:19] INFO > GenBank.pm:777 - loaded polypeptide PopaoMp44.p00
[03-30-2012 04:19] INFO > GenBank.pm:596 - loaded gene PPA_G2096424 PopaoMt18
[03-30-2012 04:19] INFO > GenBank.pm:662 - loaded transcript PopaoMt18.t00
[03-30-2012 04:19] INFO > GenBank.pm:716 - loaded exon auto2096428
[03-30-2012 04:19] INFO > GenBank.pm:596 - loaded gene PPA_G2096430 PopaoMt19
[03-30-2012 04:19] INFO > GenBank.pm:662 - loaded transcript PopaoMt19.t00
[03-30-2012 04:19] INFO > GenBank.pm:716 - loaded exon auto2096434
[03-30-2012 04:19] INFO > GenBank.pm:350 - genome P.pallidum is tagged with version 1.0
[03-30-2012 04:19] INFO > GenBank.pm:996 - linked rest of 2 features
[03-30-2012 04:19] INFO > GenBank.pm:996 - linked rest of 129 features
