    DBI 1.622-nothread default trace level set to 0xN/1 (pidN pi 0) at DBI.pm line 276 via DBI.pm line 1386
    -> DBI->connect(dbi:Oracle:amazonora, CHADO_PLAYGROUND, ****, HASH(0xN))
    -> DBI->install_driver(Oracle) for darwin perl=5.010001 pidN ruid=501 euid=501
       install_driver: DBD::Oracle version 1.52 loaded from /Users/sid/.perlbrew/libs/working@modware-loader/lib/perl5/darwin-2level/DBD/Oracle.pm
    <- STORE('ShowErrorStatement', 1)= 1 at Oracle.pm line 80
    <- install_driver= DBI::dr=HASH(0xN)
    <- connect("amazonora", "CHADO_PLAYGROUND", ...)= DBI::db=HASH(0xN) at DBI.pm line 658
    <- STORE('RaiseError', 1)= 1 at DBI.pm line 710
    <- STORE('PrintError', 0)= 1 at DBI.pm line 710
    <- STORE('AutoCommit', 1)= 1 at DBI.pm line 710
    <- STORE('LongReadLen', 33554432)= 1 at DBI.pm line 713
    <- STORE('ShowErrorStatement', 1)= 1 at DBI.pm line 713
    <- STORE('Username', "CHADO_PLAYGROUND")= 1 at DBI.pm line 713
    <- connected("dbi:Oracle:amazonora", "CHADO_PLAYGROUND", ...)= undef at DBI.pm line 720
    <- connect= DBI::db=HASH(0xN)
    <- STORE('dbi_connect_closure', CODE(0xN))= 1 at DBI.pm line 729
    <- FETCH('HandleError')= undef at DBI.pm line 1396
    <- FETCH('RaiseError')= 1 at DBI.pm line 1403
    <- STORE('HandleError', __DBIC__DBH__ERROR__HANDLER__=CODE(0xN))= 1 at DBI.pm line 1435
    <> FETCH('AutoCommit')= 1 ('AutoCommit' from cache) at DBI.pm line 1443
    <- get_info(18)= '11.02.0000' at DBI.pm line 1134
    <- FETCH('CachedKids')= undef at WithBCS.pm line 95
    <- STORE('CachedKids', HASH(0xN))= 1 at WithBCS.pm line 95
    <- FETCH('Driver')= DBI::dr=HASH(0xN) at DBI.pm line 2611
    <> FETCH('Name')= 'Oracle' ('Name' from cache) at DBI.pm line 2611
    <- DESTROY(DBI::db=HASH(0xN))= undef at DBI.pm line 238
    -> DBI->connect(dbi:Oracle:amazonora, CHADO_PLAYGROUND, ****, HASH(0xN))
    <- connect("amazonora", "CHADO_PLAYGROUND", ...)= DBI::db=HASH(0xN) at DBI.pm line 658
    <- STORE('RaiseError', 1)= 1 at DBI.pm line 710
    <- STORE('PrintError', 0)= 1 at DBI.pm line 710
    <- STORE('AutoCommit', 1)= 1 at DBI.pm line 710
    <- STORE('LongReadLen', 33554432)= 1 at DBI.pm line 713
    <- STORE('ShowErrorStatement', 1)= 1 at DBI.pm line 713
    <- STORE('Username', "CHADO_PLAYGROUND")= 1 at DBI.pm line 713
    <- connected("dbi:Oracle:amazonora", "CHADO_PLAYGROUND", ...)= undef at DBI.pm line 720
    <- connect= DBI::db=HASH(0xN)
    <- STORE('dbi_connect_closure', CODE(0xN))= 1 at DBI.pm line 729
    <- FETCH('HandleError')= undef at DBI.pm line 1396
    <- FETCH('RaiseError')= 1 at DBI.pm line 1403
    <- STORE('HandleError', __DBIC__DBH__ERROR__HANDLER__=CODE(0xN))= 1 at DBI.pm line 1435
    <> FETCH('AutoCommit')= 1 ('AutoCommit' from cache) at DBI.pm line 1443
    <- get_info(18)= '11.02.0000' at DBI.pm line 1134
    <- FETCH('CachedKids')= undef at WithBCS.pm line 108
    <- STORE('CachedKids', HASH(0xN))= 1 at WithBCS.pm line 108
    <- FETCH('Active')= 1 at DBI.pm line 893
    <- FETCH('RaiseError')= 1 at DBI.pm line 880
    <- STORE('RaiseError', undef)= 1 at DBI.pm line 880
    <- STORE('RaiseError', 1)= 1 at DBI.pm line 880
    <- FETCH('RaiseError')= 1 at Generic.pm line 275
    <- STORE('RaiseError', undef)= 1 at Generic.pm line 275
    <- STORE('RaiseError', 1)= 1 at Generic.pm line 275
    <- FETCH('PrintError')= '' at Generic.pm line 276
    <- STORE('PrintError', undef)= 1 at Generic.pm line 276
    <- STORE('PrintError', 0)= 1 at Generic.pm line 276
    <- do('select 1 from dual')= '0E0' at Generic.pm line 279
    <- STORE('PrintError', '')= 1 at DBI.pm line 882
    <- STORE('RaiseError', 1)= 1 at DBI.pm line 882
    <- STORE('RaiseError', 1)= 1 at DBI.pm line 907
    <- do('
		CREATE GLOBAL TEMPORARY TABLE temp_dbxref_delete (
			dbxref_id number NOT NULL
		) ON COMMIT PRESERVE ROWS
	')= '0E0' at WithOracle.pm line 299
    <- begin_work= 1 at DBI.pm line 1474
    <- prepare_cached('SELECT me.cv_id, me.name, me.definition FROM cv me WHERE ( me.name LIKE ? ) ', HASH(0xN), ...)= DBI::st=HASH(0xN) at DBI.pm line 2418
    <- bind_param(1, 'evidence%', ...)= 1 at DBI.pm line 1744
    <- execute= '0E0' at DBI.pm line 1756
    <- fetchrow_array= ( '65' 'evidence_code2.obo' undef ) [3 items] row1 at DBI.pm line 2395
    <- fetchrow_array= ( ) [0 items] row1 at DBI.pm line 2396
    <- finish= 1 at DBI.pm line 2401
[32m[12-14-2012 11:01] INFO > dropontofromchado.pm:58 - start deleting ontology evidence_code2.obo
[0m    <- prepare(' INSERT INTO temp_dbxref_delete(dbxref_id) 
                 SELECT cvterm.dbxref_id FROM cvterm
                 WHERE cvterm.cv_id = ?')= DBI::st=HASH(0xN) at WithOracle.pm line 329
    <- execute('65')= 288 at WithOracle.pm line 333
    <- prepare(' DELETE FROM cv where cv_id = ?')= DBI::st=HASH(0xN) at WithOracle.pm line 334
    <- DESTROY(DBI::st=HASH(0xN))= undef at WithOracle.pm line 335
    <- execute('65')= 1 at WithOracle.pm line 335
    <- DESTROY(DBI::st=HASH(0xN))= undef at Manager.pm line 81
[12-14-2012 11:01] DEBUG > Manager.pm:82 - deleted cvterms
    <- prepare('
    	DELETE FROM dbxref WHERE EXISTS (
    		SELECT * FROM temp_dbxref_delete
    	)
    ')= DBI::st=HASH(0xN) at WithOracle.pm line 316
    <- FETCH('Active')= 1 at DBI.pm line 893
    <- FETCH('RaiseError')= 1 at DBI.pm line 880
    <- STORE('RaiseError', undef)= 1 at DBI.pm line 880
    <- STORE('RaiseError', 1)= 1 at DBI.pm line 880
    <- FETCH('RaiseError')= 1 at Generic.pm line 275
    <- STORE('RaiseError', undef)= 1 at Generic.pm line 275
    <- STORE('RaiseError', 1)= 1 at Generic.pm line 275
    <- FETCH('PrintError')= '' at Generic.pm line 276
    <- STORE('PrintError', undef)= 1 at Generic.pm line 276
    <- STORE('PrintError', 0)= 1 at Generic.pm line 276
    <- do('select 1 from dual')= '0E0' at Generic.pm line 279
    <- STORE('PrintError', '')= 1 at DBI.pm line 882
    <- STORE('RaiseError', 1)= 1 at DBI.pm line 882
    <- STORE('RaiseError', 1)= 1 at DBI.pm line 907
    <- do('TRUNCATE TABLE temp_dbxref_delete')= '0E0' at WithOracle.pm line 323
[12-14-2012 11:01] DEBUG > Manager.pm:85 - deleted DBI::st=HASH(0xN) dbxrefs
    <- DESTROY(DBI::st=HASH(0xN))= undef at dropontofromchado.pm line 59
[32m[12-14-2012 11:01] INFO > dropontofromchado.pm:60 - deleted ontology evidence_code2.obo
[0m    <- commit= 1 at DBI.pm line 1506
    <- FETCH('Active')= 1 at DBI.pm line 893
    <- FETCH('RaiseError')= 1 at DBI.pm line 880
    <- STORE('RaiseError', undef)= 1 at DBI.pm line 880
    <- STORE('RaiseError', 1)= 1 at DBI.pm line 880
    <- FETCH('RaiseError')= 1 at Generic.pm line 275
    <- STORE('RaiseError', undef)= 1 at Generic.pm line 275
    <- STORE('RaiseError', 1)= 1 at Generic.pm line 275
    <- FETCH('PrintError')= '' at Generic.pm line 276
    <- STORE('PrintError', undef)= 1 at Generic.pm line 276
    <- STORE('PrintError', 0)= 1 at Generic.pm line 276
    <- do('select 1 from dual')= '0E0' at Generic.pm line 279
    <- STORE('PrintError', '')= 1 at DBI.pm line 882
    <- STORE('RaiseError', 1)= 1 at DBI.pm line 882
    <- STORE('RaiseError', 1)= 1 at DBI.pm line 907
    <- do('TRUNCATE TABLE temp_dbxref_delete')= '0E0' at WithOracle.pm line 310
    <- FETCH('Active')= 1 at DBI.pm line 893
    <- FETCH('RaiseError')= 1 at DBI.pm line 880
    <- STORE('RaiseError', undef)= 1 at DBI.pm line 880
    <- STORE('RaiseError', 1)= 1 at DBI.pm line 880
    <- FETCH('RaiseError')= 1 at Generic.pm line 275
    <- STORE('RaiseError', undef)= 1 at Generic.pm line 275
    <- STORE('RaiseError', 1)= 1 at Generic.pm line 275
    <- FETCH('PrintError')= '' at Generic.pm line 276
    <- STORE('PrintError', undef)= 1 at Generic.pm line 276
    <- STORE('PrintError', 0)= 1 at Generic.pm line 276
    <- do('select 1 from dual')= '0E0' at Generic.pm line 279
    <- STORE('PrintError', '')= 1 at DBI.pm line 882
    <- STORE('RaiseError', 1)= 1 at DBI.pm line 882
    <- STORE('RaiseError', 1)= 1 at DBI.pm line 907
    <- do('DROP TABLE temp_dbxref_delete')= '0E0' at WithOracle.pm line 311
    <> FETCH('CachedKids')= HASH(0xN)0keys ('CachedKids' from cache) at DBI.pm line 831
    <- DESTROY(DBI::st=HASH(0xN))= undef at Cache.pm line 317
    <- disconnect= 1 at DBI.pm line 832
    <- DESTROY(DBI::db=HASH(0xN))= undef at DBI.pm line 833
    <- disconnect_all= (not implemented) at DBI.pm line 737
!   <- DESTROY(DBI::dr=HASH(0xN))= undef during global destruction
